<?xml version="1.0" encoding="UTF-8"?>
<!-- Generated by org.testng.reporters.JUnitReportReporter -->
<testsuite hostname="Kaushal" failures="0" tests="3" name="TestNG.EnableCases" time="0.007" errors="0" timestamp="2022-10-06T11:24:32 IST" skipped="1">
  <testcase classname="TestNG.EnableCases" name="login" time="0.001"/>
  <system-out/>
  <testcase classname="TestNG.EnableCases" name="button" time="0.006"/>
  <system-out/>
  <testcase classname="TestNG.EnableCases" name="home">
    <skipped/>
  </testcase> <!-- home -->
  <system-out/>
</testsuite> <!-- TestNG.EnableCases -->
