<?xml version="1.0" encoding="UTF-8"?>
<!-- Generated by org.testng.reporters.JUnitReportReporter -->
<testsuite hostname="Kaushal" failures="0" tests="3" name="TestNG.Priority" time="0.003" errors="0" timestamp="2022-10-01T13:10:42 IST" skipped="0">
  <testcase classname="TestNG.Priority" name="login" time="0.001"/>
  <system-out/>
  <testcase classname="TestNG.Priority" name="entercredential" time="0.001"/>
  <system-out/>
  <testcase classname="TestNG.Priority" name="button" time="0.001"/>
  <system-out/>
</testsuite> <!-- TestNG.Priority -->
