<?xml version="1.0" encoding="UTF-8"?>
<!-- Generated by org.testng.reporters.JUnitReportReporter -->
<testsuite hostname="Kaushal" failures="0" tests="3" name="TestNG.prioWiseDesc" time="0.008" errors="0" timestamp="2022-10-06T11:43:17 IST" skipped="0">
  <testcase classname="TestNG.prioWiseDesc" name="login" time="0.006"/>
  <system-out/>
  <testcase classname="TestNG.prioWiseDesc" name="button" time="0.001"/>
  <system-out/>
  <testcase classname="TestNG.prioWiseDesc" name="home" time="0.001"/>
  <system-out/>
</testsuite> <!-- TestNG.prioWiseDesc -->
