<?xml version="1.0" encoding="UTF-8"?>
<!-- Generated by org.testng.reporters.JUnitReportReporter -->
<testsuite hostname="Kaushal" failures="0" tests="1" name="Synchronization.test3" time="10.254" errors="0" timestamp="2022-10-12T20:03:11 IST" skipped="0">
  <testcase classname="Synchronization.test3" name="test" time="10.254"/>
  <system-out/>
</testsuite> <!-- Synchronization.test3 -->
