<?xml version="1.0" encoding="UTF-8"?>
<!-- Generated by org.testng.reporters.JUnitReportReporter -->
<testsuite hostname="Kaushal" failures="0" tests="1" name="Synchronization.fluent" time="10.303" errors="0" timestamp="2022-11-22T11:37:50 IST" skipped="0">
  <testcase classname="Synchronization.fluent" name="handleButton" time="10.303"/>
  <system-out/>
</testsuite> <!-- Synchronization.fluent -->
