<?xml version="1.0" encoding="UTF-8"?>
<!-- Generated by org.testng.reporters.JUnitReportReporter -->
<testsuite hostname="Kaushal" failures="0" tests="1" name="POM.T2" time="0.206" errors="0" timestamp="2022-10-19T21:23:00 IST" skipped="0">
  <testcase classname="POM.T2" name="opration" time="0.206"/>
  <system-out/>
</testsuite> <!-- POM.T2 -->
