<?xml version="1.0" encoding="UTF-8"?>
<!-- Generated by org.testng.reporters.JUnitReportReporter -->
<testsuite hostname="Kaushal" failures="0" tests="1" name="Synchronization.HWexplicite" time="10.487" errors="0" timestamp="2022-10-12T19:28:43 IST" skipped="0">
  <testcase classname="Synchronization.HWexplicite" name="button" time="10.487"/>
  <system-out/>
</testsuite> <!-- Synchronization.HWexplicite -->
