<?xml version="1.0" encoding="UTF-8"?>
<!-- Generated by org.testng.reporters.JUnitReportReporter -->
<testsuite hostname="Kaushal" failures="0" tests="1" name="Assertion.assertEquals" time="0.012" errors="0" timestamp="2022-10-12T22:09:08 IST" skipped="0">
  <testcase classname="Assertion.assertEquals" name="verifyTitle" time="0.012"/>
  <system-out/>
</testsuite> <!-- Assertion.assertEquals -->
