<?xml version="1.0" encoding="UTF-8"?>
<!-- Generated by org.testng.reporters.JUnitReportReporter -->
<testsuite hostname="Kaushal" failures="0" tests="1" name="Assertion.assertTrue" time="0.032" errors="0" timestamp="2022-10-12T22:08:43 IST" skipped="0">
  <testcase classname="Assertion.assertTrue" name="verifyButton" time="0.032"/>
  <system-out/>
</testsuite> <!-- Assertion.assertTrue -->
