<?xml version="1.0" encoding="UTF-8"?>
<!-- Generated by org.testng.reporters.JUnitReportReporter -->
<testsuite hostname="Kaushal" failures="0" tests="1" name="Synchronization.ExplicitlyWait" time="5.300" errors="0" timestamp="2022-10-12T18:29:39 IST" skipped="0">
  <testcase classname="Synchronization.ExplicitlyWait" name="handleAlert" time="5.300"/>
  <system-out/>
</testsuite> <!-- Synchronization.ExplicitlyWait -->
