<?xml version="1.0" encoding="UTF-8"?>
<!-- Generated by org.testng.reporters.JUnitReportReporter -->
<testsuite hostname="Kaushal" failures="0" tests="3" name="TestNG.testCase4" time="0.013" errors="0" timestamp="2022-09-29T23:15:35 IST" skipped="0">
  <testcase classname="TestNG.testCase4" name="login" time="0.007"/>
  <system-out/>
  <testcase classname="TestNG.testCase4" name="entercredential" time="0.002"/>
  <system-out/>
  <testcase classname="TestNG.testCase4" name="button" time="0.004"/>
  <system-out/>
</testsuite> <!-- TestNG.testCase4 -->
