<?xml version="1.0" encoding="UTF-8"?>
<!-- Generated by org.testng.reporters.JUnitReportReporter -->
<testsuite hostname="Kaushal" failures="0" tests="1" name="Synchronization.test2" time="5.236" errors="0" timestamp="2022-10-12T18:59:10 IST" skipped="0">
  <testcase classname="Synchronization.test2" name="test" time="5.236"/>
  <system-out/>
</testsuite> <!-- Synchronization.test2 -->
