<?xml version="1.0" encoding="UTF-8"?>
<!-- Generated by org.testng.reporters.JUnitReportReporter -->
<testsuite hostname="Kaushal" failures="0" tests="1" name="TestNG.crossBroser" time="0.009" errors="0" timestamp="2022-12-11T13:25:36 IST" skipped="0">
  <testcase classname="TestNG.crossBroser" name="getTitle" time="0.009"/>
  <system-out/>
</testsuite> <!-- TestNG.crossBroser -->
