<?xml version="1.0" encoding="UTF-8"?>
<!-- Generated by org.testng.reporters.JUnitReportReporter -->
<testsuite hostname="Kaushal" failures="0" tests="1" name="TestNG.RulesNG" time="0.006" errors="0" timestamp="2022-09-29T21:03:45 IST" skipped="0">
  <testcase classname="TestNG.RulesNG" name="Testcase1" time="0.006"/>
  <system-out/>
</testsuite> <!-- TestNG.RulesNG -->
