<?xml version="1.0" encoding="UTF-8"?>
<!-- Generated by org.testng.reporters.JUnitReportReporter -->
<testsuite hostname="Kaushal" failures="0" tests="7" name="TestNG.invocationcount" time="0.012" errors="0" timestamp="2022-10-06T11:27:33 IST" skipped="0">
  <testcase classname="TestNG.invocationcount" name="home" time="0.001"/>
  <system-out/>
  <testcase classname="TestNG.invocationcount" name="home" time="0.001"/>
  <system-out/>
  <testcase classname="TestNG.invocationcount" name="home" time="0.001"/>
  <system-out/>
  <testcase classname="TestNG.invocationcount" name="login" time="0.001"/>
  <system-out/>
  <testcase classname="TestNG.invocationcount" name="home" time="0.001"/>
  <system-out/>
  <testcase classname="TestNG.invocationcount" name="button" time="0.001"/>
  <system-out/>
  <testcase classname="TestNG.invocationcount" name="button" time="0.006"/>
  <system-out/>
</testsuite> <!-- TestNG.invocationcount -->
