<?xml version="1.0" encoding="UTF-8"?>
<!-- Generated by org.testng.reporters.JUnitReportReporter -->
<testsuite hostname="Kaushal" failures="0" tests="1" name="TestNG.Testcase1" time="0.003" errors="0" timestamp="2022-09-29T21:25:17 IST" skipped="0">
  <testcase classname="TestNG.Testcase1" name="Testcase1" time="0.003"/>
  <system-out/>
</testsuite> <!-- TestNG.Testcase1 -->
