<?xml version="1.0" encoding="UTF-8"?>
<!-- Generated by org.testng.reporters.JUnitReportReporter -->
<testsuite hostname="Kaushal" failures="0" tests="1" name="TestNG.p1" time="0.008" errors="0" timestamp="2022-10-06T13:18:21 IST" skipped="0">
  <testcase classname="TestNG.p1" name="getTitle" time="0.008"/>
  <system-out/>
</testsuite> <!-- TestNG.p1 -->
