<?xml version="1.0" encoding="UTF-8"?>
<!-- Generated by org.testng.reporters.JUnitReportReporter -->
<testsuite hostname="Kaushal" failures="0" tests="3" name="TestNG.DescriptinCases" time="0.010" errors="0" timestamp="2022-10-06T11:33:11 IST" skipped="0">
  <testcase classname="TestNG.DescriptinCases" name="button" time="0.008"/>
  <system-out/>
  <testcase classname="TestNG.DescriptinCases" name="login" time="0.000"/>
  <system-out/>
  <testcase classname="TestNG.DescriptinCases" name="home" time="0.002"/>
  <system-out/>
</testsuite> <!-- TestNG.DescriptinCases -->
