<?xml version="1.0" encoding="UTF-8"?>
<!-- Generated by org.testng.reporters.JUnitReportReporter -->
<testsuite hostname="Kaushal" failures="0" tests="3" name="TestNG.AlphabetticalOrder" time="0.006" errors="0" timestamp="2022-10-01T13:10:42 IST" skipped="0">
  <testcase classname="TestNG.AlphabetticalOrder" name="entercredential" time="0.000"/>
  <system-out/>
  <testcase classname="TestNG.AlphabetticalOrder" name="login" time="0.000"/>
  <system-out/>
  <testcase classname="TestNG.AlphabetticalOrder" name="button" time="0.006"/>
  <system-out/>
</testsuite> <!-- TestNG.AlphabetticalOrder -->
