<?xml version="1.0" encoding="UTF-8"?>
<!-- Generated by org.testng.reporters.JUnitReportReporter -->
<testsuite hostname="Kaushal" failures="0" tests="2" name="groupsTestNG.Test4" time="0.003" errors="0" timestamp="2022-10-06T12:25:06 IST" skipped="0">
  <testcase classname="groupsTestNG.Test4" name="getTitle" time="0.002"/>
  <system-out/>
  <testcase classname="groupsTestNG.Test4" name="verifyAccountUpdate" time="0.001"/>
  <system-out/>
</testsuite> <!-- groupsTestNG.Test4 -->
