<?xml version="1.0" encoding="UTF-8"?>
<!-- Generated by org.testng.reporters.JUnitReportReporter -->
<testsuite hostname="Kaushal" failures="0" tests="3" name="groupsTestNG.Test3" time="0.010" errors="0" timestamp="2022-10-06T12:25:06 IST" skipped="0">
  <testcase classname="groupsTestNG.Test3" name="login" time="0.001"/>
  <system-out/>
  <testcase classname="groupsTestNG.Test3" name="button" time="0.006"/>
  <system-out/>
  <testcase classname="groupsTestNG.Test3" name="homePage" time="0.003"/>
  <system-out/>
</testsuite> <!-- groupsTestNG.Test3 -->
