<?xml version="1.0" encoding="UTF-8"?>
<!-- Generated by org.testng.reporters.JUnitReportReporter -->
<testsuite hostname="Kaushal" failures="0" tests="2" name="TestNG.Paralleltest" time="10.044" errors="0" timestamp="2022-12-11T13:36:13 IST" skipped="0">
  <testcase classname="TestNG.Paralleltest" name="getTitle" time="5.024"/>
  <system-out/>
  <testcase classname="TestNG.Paralleltest" name="getTitle" time="5.020"/>
  <system-out/>
</testsuite> <!-- TestNG.Paralleltest -->
