<?xml version="1.0" encoding="UTF-8"?>
<!-- Generated by org.testng.reporters.JUnitReportReporter -->
<testsuite hostname="Kaushal" failures="0" tests="1" name="TestNG.Testcase2" time="0.007" errors="0" timestamp="2022-10-06T11:16:51 IST" skipped="0">
  <testcase classname="TestNG.Testcase2" name="Testcase2" time="0.007"/>
  <system-out/>
</testsuite> <!-- TestNG.Testcase2 -->
