<?xml version="1.0" encoding="UTF-8"?>
<!-- Generated by org.testng.reporters.JUnitReportReporter -->
<testsuite hostname="Kaushal" failures="0" tests="3" name="TestNG.Testcase3" time="0.009" errors="0" timestamp="2022-09-29T23:13:29 IST" skipped="0">
  <testcase classname="TestNG.Testcase3" name="button" time="0.007"/>
  <system-out/>
  <testcase classname="TestNG.Testcase3" name="login" time="0.001"/>
  <system-out/>
  <testcase classname="TestNG.Testcase3" name="entercredential" time="0.001"/>
  <system-out/>
</testsuite> <!-- TestNG.Testcase3 -->
